2020-04-30T13:23:52+00:00 CRITICAL Cannot declare class Orchestrated_Corona_Virus_Banner, because the name is already in use in F:\WAMP\www\wordpress\wp-content\plugins\byebyecovid-19\includes\wasted-covid-19-banner.php on line 5

2020-04-30T13:23:53+00:00 CRITICAL Cannot declare class Orchestrated_Corona_Virus_Banner, because the name is already in use in F:\WAMP\www\wordpress\wp-content\plugins\byebyecovid-19\includes\wasted-covid-19-banner.php on line 5

2020-04-30T13:23:53+00:00 CRITICAL Cannot declare class Orchestrated_Corona_Virus_Banner, because the name is already in use in F:\WAMP\www\wordpress\wp-content\plugins\byebyecovid-19\includes\wasted-covid-19-banner.php on line 5

2020-04-30T13:30:53+00:00 CRITICAL Uncaught Error: Call to undefined function get_labels() in F:\WAMP\www\wordpress\wp-content\themes\shop-isle\casino.php:75
Stack trace:
#0 F:\WAMP\www\wordpress\wp-includes\template-loader.php(106): include()
#1 F:\WAMP\www\wordpress\wp-blog-header.php(19): require_once('F:\\WAMP\\www\\wor...')
#2 F:\WAMP\www\wordpress\index.php(17): require('F:\\WAMP\\www\\wor...')
#3 {main}
  thrown in F:\WAMP\www\wordpress\wp-content\themes\shop-isle\casino.php on line 75

2020-04-30T15:14:38+00:00 CRITICAL Uncaught Error: Call to undefined function wasted_covid_19_Virus_Banner() in F:\WAMP\www\wordpress\wp-content\plugins\byebyecovid-19\includes\wasted-covid-19-banner-settings.php:743
Stack trace:
#0 F:\WAMP\www\wordpress\wp-content\plugins\byebyecovid-19\includes\wasted-covid-19-banner-settings.php(260): wasted_covid_19_Banner_Settings->get_option_values()
#1 F:\WAMP\www\wordpress\wp-content\plugins\byebyecovid-19\includes\wasted-covid-19-banner-settings.php(34): wasted_covid_19_Banner_Settings->settings_fields()
#2 F:\WAMP\www\wordpress\wp-includes\class-wp-hook.php(287): wasted_covid_19_Banner_Settings->init_settings('')
#3 F:\WAMP\www\wordpress\wp-includes\class-wp-hook.php(311): WP_Hook->apply_filters(NULL, Array)
#4 F:\WAMP\www\wordpress\wp-includes\plugin.php(478): WP_Hook->do_action(Array)
#5 F:\WAMP\www\wordpress\wp-settings.php(540): do_action('init')
#6 F:\WAMP\www\wordpress\wp-config.php(90): require_once('F:\\WAMP\\www\\wor...')
#7 F:\WAMP\www\wordpress\wp-load.php(37): require_once('F:\\WAMP\\www\ in F:\WAMP\www\wordpress\wp-content\plugins\byebyecovid-19\includes\wasted-covid-19-banner-settings.php on line 743

2020-04-30T15:14:38+00:00 CRITICAL Uncaught Error: Call to undefined function wasted_covid_19_Virus_Banner() in F:\WAMP\www\wordpress\wp-content\plugins\byebyecovid-19\includes\wasted-covid-19-banner-settings.php:743
Stack trace:
#0 F:\WAMP\www\wordpress\wp-content\plugins\byebyecovid-19\includes\wasted-covid-19-banner-settings.php(260): wasted_covid_19_Banner_Settings->get_option_values()
#1 F:\WAMP\www\wordpress\wp-content\plugins\byebyecovid-19\includes\wasted-covid-19-banner-settings.php(34): wasted_covid_19_Banner_Settings->settings_fields()
#2 F:\WAMP\www\wordpress\wp-includes\class-wp-hook.php(287): wasted_covid_19_Banner_Settings->init_settings('')
#3 F:\WAMP\www\wordpress\wp-includes\class-wp-hook.php(311): WP_Hook->apply_filters(NULL, Array)
#4 F:\WAMP\www\wordpress\wp-includes\plugin.php(478): WP_Hook->do_action(Array)
#5 F:\WAMP\www\wordpress\wp-settings.php(540): do_action('init')
#6 F:\WAMP\www\wordpress\wp-config.php(90): require_once('F:\\WAMP\\www\\wor...')
#7 F:\WAMP\www\wordpress\wp-load.php(37): require_once('F:\\WAMP\\www\ in F:\WAMP\www\wordpress\wp-content\plugins\byebyecovid-19\includes\wasted-covid-19-banner-settings.php on line 743

2020-04-30T15:15:20+00:00 CRITICAL Uncaught Error: Call to undefined function wasted_covid_19_Virus_Banner() in F:\WAMP\www\wordpress\wp-content\plugins\byebyecovid-19\includes\wasted-covid-19-banner-settings.php:743
Stack trace:
#0 F:\WAMP\www\wordpress\wp-content\plugins\byebyecovid-19\includes\wasted-covid-19-banner-settings.php(260): wasted_covid_19_Banner_Settings->get_option_values()
#1 F:\WAMP\www\wordpress\wp-content\plugins\byebyecovid-19\includes\wasted-covid-19-banner-settings.php(34): wasted_covid_19_Banner_Settings->settings_fields()
#2 F:\WAMP\www\wordpress\wp-includes\class-wp-hook.php(287): wasted_covid_19_Banner_Settings->init_settings('')
#3 F:\WAMP\www\wordpress\wp-includes\class-wp-hook.php(311): WP_Hook->apply_filters(NULL, Array)
#4 F:\WAMP\www\wordpress\wp-includes\plugin.php(478): WP_Hook->do_action(Array)
#5 F:\WAMP\www\wordpress\wp-settings.php(540): do_action('init')
#6 F:\WAMP\www\wordpress\wp-config.php(90): require_once('F:\\WAMP\\www\\wor...')
#7 F:\WAMP\www\wordpress\wp-load.php(37): require_once('F:\\WAMP\\www\ in F:\WAMP\www\wordpress\wp-content\plugins\byebyecovid-19\includes\wasted-covid-19-banner-settings.php on line 743

