2020-04-29T09:38:26+00:00 CRITICAL Uncaught Error: Call to undefined function get_option_values() in F:\WAMP\www\wordpress\wp-content\themes\shop-isle\casino.php:43
Stack trace:
#0 F:\WAMP\www\wordpress\wp-includes\class-wp-hook.php(287): karnan('')
#1 F:\WAMP\www\wordpress\wp-includes\class-wp-hook.php(311): WP_Hook->apply_filters(NULL, Array)
#2 F:\WAMP\www\wordpress\wp-includes\plugin.php(478): WP_Hook->do_action(Array)
#3 F:\WAMP\www\wordpress\wp-includes\general-template.php(2900): do_action('wp_footer')
#4 F:\WAMP\www\wordpress\wp-content\themes\shop-isle\footer.php(24): wp_footer()
#5 F:\WAMP\www\wordpress\wp-includes\template.php(723): require_once('F:\\WAMP\\www\\wor...')
#6 F:\WAMP\www\wordpress\wp-includes\template.php(672): load_template('F:\\WAMP\\www\\wor...', true)
#7 F:\WAMP\www\wordpress\wp-includes\general-template.php(76): locate_template(Array, true)
#8 F:\WAMP\www\wordpress\wp-content\themes\shop-isle\casino.php(46): get_footer()
#9 F:\WAMP\www\wordpress\wp-includes\template-loader.php(106): include('F:\\WAMP\\www\\wor...' in F:\WAMP\www\wordpress\wp-content\themes\shop-isle\casino.php on line 43

2020-04-29T11:13:14+00:00 CRITICAL Uncaught Error: Call to undefined function get_notice_display() in F:\WAMP\www\wordpress\wp-content\themes\shop-isle\casino.php:56
Stack trace:
#0 F:\WAMP\www\wordpress\wp-includes\template-loader.php(106): include()
#1 F:\WAMP\www\wordpress\wp-blog-header.php(19): require_once('F:\\WAMP\\www\\wor...')
#2 F:\WAMP\www\wordpress\index.php(17): require('F:\\WAMP\\www\\wor...')
#3 {main}
  thrown in F:\WAMP\www\wordpress\wp-content\themes\shop-isle\casino.php on line 56

2020-04-29T11:15:35+00:00 CRITICAL Uncaught Error: Call to undefined function get_option_values() in F:\WAMP\www\wordpress\wp-content\themes\shop-isle\casino.php:57
Stack trace:
#0 F:\WAMP\www\wordpress\wp-includes\template-loader.php(106): include()
#1 F:\WAMP\www\wordpress\wp-blog-header.php(19): require_once('F:\\WAMP\\www\\wor...')
#2 F:\WAMP\www\wordpress\index.php(17): require('F:\\WAMP\\www\\wor...')
#3 {main}
  thrown in F:\WAMP\www\wordpress\wp-content\themes\shop-isle\casino.php on line 57

2020-04-29T11:20:38+00:00 CRITICAL syntax error, unexpected 'public' (T_PUBLIC), expecting end of file in F:\WAMP\www\wordpress\wp-content\themes\shop-isle\casino.php on line 56

2020-04-29T11:20:53+00:00 CRITICAL Cannot redeclare get_pages() (previously declared in F:\WAMP\www\wordpress\wp-includes\post.php:5233) in F:\WAMP\www\wordpress\wp-content\themes\shop-isle\casino.php on line 56

2020-04-29T12:39:20+00:00 CRITICAL syntax error, unexpected '<', expecting end of file in F:\WAMP\www\wordpress\wp-content\themes\shop-isle\casino.php on line 66

2020-04-29T13:19:46+00:00 CRITICAL Uncaught Error: Call to undefined function get_labels() in F:\WAMP\www\wordpress\wp-content\themes\shop-isle\casino.php:75
Stack trace:
#0 F:\WAMP\www\wordpress\wp-includes\template-loader.php(106): include()
#1 F:\WAMP\www\wordpress\wp-blog-header.php(19): require_once('F:\\WAMP\\www\\wor...')
#2 F:\WAMP\www\wordpress\index.php(17): require('F:\\WAMP\\www\\wor...')
#3 {main}
  thrown in F:\WAMP\www\wordpress\wp-content\themes\shop-isle\casino.php on line 75

2020-04-29T13:51:05+00:00 CRITICAL Uncaught Error: Call to undefined function get_labels() in F:\WAMP\www\wordpress\wp-content\plugins\corona-virus-covid-19-banner\includes\orchestrated-corona-virus-banner.php:129
Stack trace:
#0 F:\WAMP\www\wordpress\wp-content\plugins\corona-virus-covid-19-banner\includes\orchestrated-corona-virus-banner-settings.php(350): Orchestrated_Corona_Virus_Banner->get_data_countries_select_options('india|India')
#1 F:\WAMP\www\wordpress\wp-includes\class-wp-hook.php(287): Orchestrated_Corona_Virus_Banner_Settings->settings_page('')
#2 F:\WAMP\www\wordpress\wp-includes\class-wp-hook.php(311): WP_Hook->apply_filters('', Array)
#3 F:\WAMP\www\wordpress\wp-includes\plugin.php(478): WP_Hook->do_action(Array)
#4 F:\WAMP\www\wordpress\wp-admin\admin.php(254): do_action('settings_page_o...')
#5 F:\WAMP\www\wordpress\wp-admin\options-general.php(10): require_once('F:\\WAMP\\www\\wor...')
#6 {main}
  thrown in F:\WAMP\www\wordpress\wp-content\plugins\corona-virus-covid-19-banner\includes\orchestrated-corona-virus-banner.php on line 129

2020-04-29T15:10:02+00:00 CRITICAL Uncaught Error: Call to undefined function file_get_contets() in F:\WAMP\www\wordpress\wp-content\plugins\corona-virus-covid-19-banner\includes\orchestrated-corona-virus-banner.php:170
Stack trace:
#0 F:\WAMP\www\wordpress\wp-includes\class-wp-hook.php(287): Orchestrated_Corona_Virus_Banner->get_data_for_country('')
#1 F:\WAMP\www\wordpress\wp-includes\class-wp-hook.php(311): WP_Hook->apply_filters('', Array)
#2 F:\WAMP\www\wordpress\wp-includes\plugin.php(478): WP_Hook->do_action(Array)
#3 F:\WAMP\www\wordpress\wp-admin\admin-ajax.php(175): do_action('wp_ajax_get_dat...')
#4 {main}
  thrown in F:\WAMP\www\wordpress\wp-content\plugins\corona-virus-covid-19-banner\includes\orchestrated-corona-virus-banner.php on line 170

